

Microchip MPLAB XC8 Assembler V2.10 build 88905656 
                                                                                               Mon Feb 10 11:48:37 2020

Microchip MPLAB XC8 C Compiler v2.10 (Free license) build 20190730164152 Og1 
     1                           	processor	16F887
     2                           	opt	pw 120
     3                           	opt	flic
     4                           	psect	cinit,global,class=CODE,merge=1,delta=2
     5                           	psect	bssCOMMON,global,class=COMMON,space=1,delta=1
     6                           	psect	cstackCOMMON,global,class=COMMON,space=1,delta=1
     7                           	psect	maintext,global,class=CODE,split=1,delta=2
     8                           	psect	text1,local,class=CODE,merge=1,delta=2
     9                           	psect	intentry,global,class=CODE,delta=2
    10                           	dabs	1,0x7E,2
    11  0000                     
    12                           ; Version 2.10
    13                           ; Generated 31/07/2019 GMT
    14                           ; 
    15                           ; Copyright © 2019, Microchip Technology Inc. and its subsidiaries ("Microchip")
    16                           ; All rights reserved.
    17                           ; 
    18                           ; This software is developed by Microchip Technology Inc. and its subsidiaries ("Microch
      +                          ip").
    19                           ; 
    20                           ; Redistribution and use in source and binary forms, with or without modification, are
    21                           ; permitted provided that the following conditions are met:
    22                           ; 
    23                           ;     1. Redistributions of source code must retain the above copyright notice, this lis
      +                          t of
    24                           ;        conditions and the following disclaimer.
    25                           ; 
    26                           ;     2. Redistributions in binary form must reproduce the above copyright notice, this 
      +                          list
    27                           ;        of conditions and the following disclaimer in the documentation and/or other
    28                           ;        materials provided with the distribution.
    29                           ; 
    30                           ;     3. Microchip's name may not be used to endorse or promote products derived from th
      +                          is
    31                           ;        software without specific prior written permission.
    32                           ; 
    33                           ; THIS SOFTWARE IS PROVIDED BY MICROCHIP "AS IS" AND ANY EXPRESS OR IMPLIED WARRANTIES,
    34                           ; INCLUDING, BUT NOT LIMITED TO, THE IMPLIED WARRANTIES OF MERCHANTABILITY AND FITNESS F
      +                          OR
    35                           ; PURPOSE ARE DISCLAIMED.  IN NO EVENT SHALL MICROCHIP BE LIABLE FOR ANY DIRECT, INDIREC
      +                          T,
    36                           ; INCIDENTAL, SPECIAL, EXEMPLARY, OR CONSEQUENTIAL DAMAGES (INCLUDING BUT NOT LIMITED TO
    37                           ; PROCUREMENT OF SUBSTITUTE GOODS OR SERVICES; LOSS OF USE, DATA OR PROFITS; OR BUSINESS
    38                           ; INTERRUPTION) HOWSOEVER CAUSED AND ON ANY THEORY OF LIABILITY, WHETHER IN CONTRACT, ST
      +                          RICT
    39                           ; LIABILITY, OR TORT (INCLUDING NEGLIGENCE OR OTHERWISE) ARISING IN ANY WAY OUT OF THE U
      +                          SE OF
    40                           ; THIS SOFTWARE, EVEN IF ADVISED OF THE POSSIBILITY OF SUCH DAMAGE.
    41                           ; 
    42                           ; 
    43                           ; Code-generator required, PIC16F887 Definitions
    44                           ; 
    45                           ; SFR Addresses
    46  0000                     	;# 
    47  0001                     	;# 
    48  0002                     	;# 
    49  0003                     	;# 
    50  0004                     	;# 
    51  0005                     	;# 
    52  0006                     	;# 
    53  0007                     	;# 
    54  0008                     	;# 
    55  0009                     	;# 
    56  000A                     	;# 
    57  000B                     	;# 
    58  000C                     	;# 
    59  000D                     	;# 
    60  000E                     	;# 
    61  000E                     	;# 
    62  000F                     	;# 
    63  0010                     	;# 
    64  0011                     	;# 
    65  0012                     	;# 
    66  0013                     	;# 
    67  0014                     	;# 
    68  0015                     	;# 
    69  0015                     	;# 
    70  0016                     	;# 
    71  0017                     	;# 
    72  0018                     	;# 
    73  0019                     	;# 
    74  001A                     	;# 
    75  001B                     	;# 
    76  001B                     	;# 
    77  001C                     	;# 
    78  001D                     	;# 
    79  001E                     	;# 
    80  001F                     	;# 
    81  0081                     	;# 
    82  0085                     	;# 
    83  0086                     	;# 
    84  0087                     	;# 
    85  0088                     	;# 
    86  0089                     	;# 
    87  008C                     	;# 
    88  008D                     	;# 
    89  008E                     	;# 
    90  008F                     	;# 
    91  0090                     	;# 
    92  0091                     	;# 
    93  0092                     	;# 
    94  0093                     	;# 
    95  0093                     	;# 
    96  0093                     	;# 
    97  0094                     	;# 
    98  0095                     	;# 
    99  0096                     	;# 
   100  0097                     	;# 
   101  0098                     	;# 
   102  0099                     	;# 
   103  009A                     	;# 
   104  009B                     	;# 
   105  009C                     	;# 
   106  009D                     	;# 
   107  009E                     	;# 
   108  009F                     	;# 
   109  0105                     	;# 
   110  0107                     	;# 
   111  0108                     	;# 
   112  0109                     	;# 
   113  010C                     	;# 
   114  010C                     	;# 
   115  010D                     	;# 
   116  010E                     	;# 
   117  010F                     	;# 
   118  0185                     	;# 
   119  0187                     	;# 
   120  0188                     	;# 
   121  0189                     	;# 
   122  018C                     	;# 
   123  018D                     	;# 
   124  0000                     	;# 
   125  0001                     	;# 
   126  0002                     	;# 
   127  0003                     	;# 
   128  0004                     	;# 
   129  0005                     	;# 
   130  0006                     	;# 
   131  0007                     	;# 
   132  0008                     	;# 
   133  0009                     	;# 
   134  000A                     	;# 
   135  000B                     	;# 
   136  000C                     	;# 
   137  000D                     	;# 
   138  000E                     	;# 
   139  000E                     	;# 
   140  000F                     	;# 
   141  0010                     	;# 
   142  0011                     	;# 
   143  0012                     	;# 
   144  0013                     	;# 
   145  0014                     	;# 
   146  0015                     	;# 
   147  0015                     	;# 
   148  0016                     	;# 
   149  0017                     	;# 
   150  0018                     	;# 
   151  0019                     	;# 
   152  001A                     	;# 
   153  001B                     	;# 
   154  001B                     	;# 
   155  001C                     	;# 
   156  001D                     	;# 
   157  001E                     	;# 
   158  001F                     	;# 
   159  0081                     	;# 
   160  0085                     	;# 
   161  0086                     	;# 
   162  0087                     	;# 
   163  0088                     	;# 
   164  0089                     	;# 
   165  008C                     	;# 
   166  008D                     	;# 
   167  008E                     	;# 
   168  008F                     	;# 
   169  0090                     	;# 
   170  0091                     	;# 
   171  0092                     	;# 
   172  0093                     	;# 
   173  0093                     	;# 
   174  0093                     	;# 
   175  0094                     	;# 
   176  0095                     	;# 
   177  0096                     	;# 
   178  0097                     	;# 
   179  0098                     	;# 
   180  0099                     	;# 
   181  009A                     	;# 
   182  009B                     	;# 
   183  009C                     	;# 
   184  009D                     	;# 
   185  009E                     	;# 
   186  009F                     	;# 
   187  0105                     	;# 
   188  0107                     	;# 
   189  0108                     	;# 
   190  0109                     	;# 
   191  010C                     	;# 
   192  010C                     	;# 
   193  010D                     	;# 
   194  010E                     	;# 
   195  010F                     	;# 
   196  0185                     	;# 
   197  0187                     	;# 
   198  0188                     	;# 
   199  0189                     	;# 
   200  018C                     	;# 
   201  018D                     	;# 
   202  0000                     	;# 
   203  0001                     	;# 
   204  0002                     	;# 
   205  0003                     	;# 
   206  0004                     	;# 
   207  0005                     	;# 
   208  0006                     	;# 
   209  0007                     	;# 
   210  0008                     	;# 
   211  0009                     	;# 
   212  000A                     	;# 
   213  000B                     	;# 
   214  000C                     	;# 
   215  000D                     	;# 
   216  000E                     	;# 
   217  000E                     	;# 
   218  000F                     	;# 
   219  0010                     	;# 
   220  0011                     	;# 
   221  0012                     	;# 
   222  0013                     	;# 
   223  0014                     	;# 
   224  0015                     	;# 
   225  0015                     	;# 
   226  0016                     	;# 
   227  0017                     	;# 
   228  0018                     	;# 
   229  0019                     	;# 
   230  001A                     	;# 
   231  001B                     	;# 
   232  001B                     	;# 
   233  001C                     	;# 
   234  001D                     	;# 
   235  001E                     	;# 
   236  001F                     	;# 
   237  0081                     	;# 
   238  0085                     	;# 
   239  0086                     	;# 
   240  0087                     	;# 
   241  0088                     	;# 
   242  0089                     	;# 
   243  008C                     	;# 
   244  008D                     	;# 
   245  008E                     	;# 
   246  008F                     	;# 
   247  0090                     	;# 
   248  0091                     	;# 
   249  0092                     	;# 
   250  0093                     	;# 
   251  0093                     	;# 
   252  0093                     	;# 
   253  0094                     	;# 
   254  0095                     	;# 
   255  0096                     	;# 
   256  0097                     	;# 
   257  0098                     	;# 
   258  0099                     	;# 
   259  009A                     	;# 
   260  009B                     	;# 
   261  009C                     	;# 
   262  009D                     	;# 
   263  009E                     	;# 
   264  009F                     	;# 
   265  0105                     	;# 
   266  0107                     	;# 
   267  0108                     	;# 
   268  0109                     	;# 
   269  010C                     	;# 
   270  010C                     	;# 
   271  010D                     	;# 
   272  010E                     	;# 
   273  010F                     	;# 
   274  0185                     	;# 
   275  0187                     	;# 
   276  0188                     	;# 
   277  0189                     	;# 
   278  018C                     	;# 
   279  018D                     	;# 
   280  0000                     	;# 
   281  0001                     	;# 
   282  0002                     	;# 
   283  0003                     	;# 
   284  0004                     	;# 
   285  0005                     	;# 
   286  0006                     	;# 
   287  0007                     	;# 
   288  0008                     	;# 
   289  0009                     	;# 
   290  000A                     	;# 
   291  000B                     	;# 
   292  000C                     	;# 
   293  000D                     	;# 
   294  000E                     	;# 
   295  000E                     	;# 
   296  000F                     	;# 
   297  0010                     	;# 
   298  0011                     	;# 
   299  0012                     	;# 
   300  0013                     	;# 
   301  0014                     	;# 
   302  0015                     	;# 
   303  0015                     	;# 
   304  0016                     	;# 
   305  0017                     	;# 
   306  0018                     	;# 
   307  0019                     	;# 
   308  001A                     	;# 
   309  001B                     	;# 
   310  001B                     	;# 
   311  001C                     	;# 
   312  001D                     	;# 
   313  001E                     	;# 
   314  001F                     	;# 
   315  0081                     	;# 
   316  0085                     	;# 
   317  0086                     	;# 
   318  0087                     	;# 
   319  0088                     	;# 
   320  0089                     	;# 
   321  008C                     	;# 
   322  008D                     	;# 
   323  008E                     	;# 
   324  008F                     	;# 
   325  0090                     	;# 
   326  0091                     	;# 
   327  0092                     	;# 
   328  0093                     	;# 
   329  0093                     	;# 
   330  0093                     	;# 
   331  0094                     	;# 
   332  0095                     	;# 
   333  0096                     	;# 
   334  0097                     	;# 
   335  0098                     	;# 
   336  0099                     	;# 
   337  009A                     	;# 
   338  009B                     	;# 
   339  009C                     	;# 
   340  009D                     	;# 
   341  009E                     	;# 
   342  009F                     	;# 
   343  0105                     	;# 
   344  0107                     	;# 
   345  0108                     	;# 
   346  0109                     	;# 
   347  010C                     	;# 
   348  010C                     	;# 
   349  010D                     	;# 
   350  010E                     	;# 
   351  010F                     	;# 
   352  0185                     	;# 
   353  0187                     	;# 
   354  0188                     	;# 
   355  0189                     	;# 
   356  018C                     	;# 
   357  018D                     	;# 
   358  0006                     _PORTB	set	6
   359  0008                     _PORTDbits	set	8
   360  000C                     _PIR1bits	set	12
   361  001F                     _ADCON0bits	set	31
   362  0086                     _TRISB	set	134
   363  0088                     _TRISDbits	set	136
   364                           
   365                           ; #config settings
   366  0000                     
   367                           	psect	cinit
   368  000F                     start_initialization:	
   369  000F                     __initialization:	
   370                           
   371                           ; Clear objects allocated to COMMON
   372  000F  01F0               	clrf	__pbssCOMMON& (0+127)
   373  0010  01F1               	clrf	(__pbssCOMMON+1)& (0+127)
   374  0011  01F2               	clrf	(__pbssCOMMON+2)& (0+127)
   375  0012  01F3               	clrf	(__pbssCOMMON+3)& (0+127)
   376  0013                     end_of_initialization:	
   377                           ;End of C runtime variable initialization code
   378                           
   379  0013                     __end_of__initialization:	
   380  0013  0183               	clrf	3
   381  0014  120A  118A  2829   	ljmp	_main	;jump to C main() function
   382                           
   383                           	psect	bssCOMMON
   384  0070                     __pbssCOMMON:	
   385  0070                     _value:	
   386  0070                     	ds	2
   387  0072                     _eADC:	
   388  0072                     	ds	2
   389                           
   390                           	psect	cstackCOMMON
   391  0074                     __pcstackCOMMON:	
   392  0074                     ?_isr:	
   393  0074                     ??_isr:	
   394                           ; 1 bytes @ 0x0
   395                           
   396  0074                     ?_main:	
   397                           ; 1 bytes @ 0x0
   398                           
   399                           
   400                           ; 1 bytes @ 0x0
   401  0074                     	ds	2
   402  0076                     ??_main:	
   403                           
   404                           	psect	maintext
   405  0029                     __pmaintext:	
   406                           ; 1 bytes @ 0x2
   407 ;;
   408 ;;Main: autosize = 0, tempsize = 0, incstack = 0, save=0
   409 ;;
   410 ;; *************** function _main *****************
   411 ;; Defined at:
   412 ;;		line 49 in file "LCD.c"
   413 ;; Parameters:    Size  Location     Type
   414 ;;		None
   415 ;; Auto vars:     Size  Location     Type
   416 ;;		None
   417 ;; Return value:  Size  Location     Type
   418 ;;                  1    wreg      void 
   419 ;; Registers used:
   420 ;;		None
   421 ;; Tracked objects:
   422 ;;		On entry : B00/0
   423 ;;		On exit  : 0/0
   424 ;;		Unchanged: 0/0
   425 ;; Data sizes:     COMMON   BANK0   BANK1   BANK3   BANK2
   426 ;;      Params:         0       0       0       0       0
   427 ;;      Locals:         0       0       0       0       0
   428 ;;      Temps:          0       0       0       0       0
   429 ;;      Totals:         0       0       0       0       0
   430 ;;Total ram usage:        0 bytes
   431 ;; Hardware stack levels required when called:    1
   432 ;; This function calls:
   433 ;;		Nothing
   434 ;; This function is called by:
   435 ;;		Startup code after reset
   436 ;; This function uses a non-reentrant model
   437 ;;
   438                           
   439                           
   440                           ;psect for function _main
   441  0029                     _main:	
   442  0029                     l17:	
   443                           ;incstack = 0
   444                           ; Regs used in _main: []
   445                           ;LCD.c: 51:     while (1){
   446                           
   447  0029                     l18:	
   448                           ;LCD.c: 53:     }
   449                           
   450  0029  2829               	goto	l17
   451  002A  120A  118A  280C   	ljmp	start
   452  002D                     __end_of_main:	
   453                           
   454                           	psect	text1
   455  0017                     __ptext1:	
   456 ;; *************** function _isr *****************
   457 ;; Defined at:
   458 ;;		line 38 in file "LCD.c"
   459 ;; Parameters:    Size  Location     Type
   460 ;;		None
   461 ;; Auto vars:     Size  Location     Type
   462 ;;		None
   463 ;; Return value:  Size  Location     Type
   464 ;;                  1    wreg      void 
   465 ;; Registers used:
   466 ;;		wreg
   467 ;; Tracked objects:
   468 ;;		On entry : 0/0
   469 ;;		On exit  : 0/0
   470 ;;		Unchanged: 0/0
   471 ;; Data sizes:     COMMON   BANK0   BANK1   BANK3   BANK2
   472 ;;      Params:         0       0       0       0       0
   473 ;;      Locals:         0       0       0       0       0
   474 ;;      Temps:          2       0       0       0       0
   475 ;;      Totals:         2       0       0       0       0
   476 ;;Total ram usage:        2 bytes
   477 ;; Hardware stack levels used:    1
   478 ;; This function calls:
   479 ;;		Nothing
   480 ;; This function is called by:
   481 ;;		Interrupt level 1
   482 ;; This function uses a non-reentrant model
   483 ;;
   484                           
   485                           
   486                           ;psect for function _isr
   487  0017                     _isr:	
   488  0017                     i1l630:	
   489                           
   490                           ;LCD.c: 39:     if (ADCON0bits.GO_DONE == 0){
   491  0017  1283               	bcf	3,5	;RP0=0, select bank0
   492  0018  1303               	bcf	3,6	;RP1=0, select bank0
   493  0019  189F               	btfsc	31,1	;volatile
   494  001A  281C               	goto	u1_21
   495  001B  281D               	goto	u1_20
   496  001C                     u1_21:	
   497  001C  2822               	goto	i1l12
   498  001D                     u1_20:	
   499  001D                     i1l632:	
   500                           
   501                           ;LCD.c: 40:        eADC = 1;
   502  001D  3001               	movlw	1
   503  001E  00F2               	movwf	_eADC
   504  001F  3000               	movlw	0
   505  0020  00F3               	movwf	_eADC+1
   506  0021                     i1l634:	
   507                           
   508                           ;LCD.c: 41:        PIR1bits.ADIF =0;
   509  0021  130C               	bcf	12,6	;volatile
   510  0022                     i1l12:	
   511  0022  0875               	movf	??_isr+1,w
   512  0023  008A               	movwf	10
   513  0024  0E74               	swapf	??_isr^(0+4294967168),w
   514  0025  0083               	movwf	3
   515  0026  0EFE               	swapf	btemp,f
   516  0027  0E7E               	swapf	btemp,w
   517  0028  0009               	retfie
   518  0029                     __end_of_isr:	
   519  007E                     btemp	set	126	;btemp
   520  007E                     wtemp0	set	126
   521                           
   522                           	psect	intentry
   523  0004                     __pintentry:	
   524                           ;incstack = 0
   525                           ; Regs used in _isr: [wreg]
   526                           
   527  0004                     interrupt_function:	
   528  007E                     saved_w	set	btemp
   529  0004  00FE               	movwf	btemp
   530  0005  0E03               	swapf	3,w
   531  0006  00F4               	movwf	??_isr
   532  0007  080A               	movf	10,w
   533  0008  00F5               	movwf	??_isr+1
   534  0009  120A  118A  2817   	ljmp	_isr


Data Sizes:
    Strings     0
    Constant    0
    Data        0
    BSS         4
    Persistent  0
    Stack       0

Auto Spaces:
    Space          Size  Autos    Used
    COMMON           14      2       6
    BANK0            80      0       0
    BANK1            80      0       0
    BANK3            96      0       0
    BANK2            96      0       0

Pointer List with Targets:

    None.

Critical Paths under _main in COMMON

    None.

Critical Paths under _isr in COMMON

    None.

Critical Paths under _main in BANK0

    None.

Critical Paths under _isr in BANK0

    None.

Critical Paths under _main in BANK1

    None.

Critical Paths under _isr in BANK1

    None.

Critical Paths under _main in BANK3

    None.

Critical Paths under _isr in BANK3

    None.

Critical Paths under _main in BANK2

    None.

Critical Paths under _isr in BANK2

    None.

Call Graph Tables:

 ---------------------------------------------------------------------------------
 (Depth) Function   	        Calls       Base Space   Used Autos Params    Refs
 ---------------------------------------------------------------------------------
 (0) _main                                                 0     0      0       0
 ---------------------------------------------------------------------------------
 Estimated maximum stack depth 0
 ---------------------------------------------------------------------------------
 (Depth) Function   	        Calls       Base Space   Used Autos Params    Refs
 ---------------------------------------------------------------------------------
 (1) _isr                                                  2     2      0       0
                                              0 COMMON     2     2      0
 ---------------------------------------------------------------------------------
 Estimated maximum stack depth 1
 ---------------------------------------------------------------------------------

 Call Graph Graphs:

 _main (ROOT)

 _isr (ROOT)

 Address spaces:
Name               Size   Autos  Total    Cost      Usage
BITCOMMON            E      0       0       0        0.0%
EEDATA             100      0       0       0        0.0%
NULL                 0      0       0       0        0.0%
CODE                 0      0       0       0        0.0%
COMMON               E      2       6       1       42.9%
BITSFR0              0      0       0       1        0.0%
SFR0                 0      0       0       1        0.0%
BITSFR1              0      0       0       2        0.0%
SFR1                 0      0       0       2        0.0%
STACK                0      0       0       2        0.0%
ABS                  0      0       6       3        0.0%
BITBANK0            50      0       0       4        0.0%
BITSFR3              0      0       0       4        0.0%
SFR3                 0      0       0       4        0.0%
BANK0               50      0       0       5        0.0%
BITSFR2              0      0       0       5        0.0%
SFR2                 0      0       0       5        0.0%
BITBANK1            50      0       0       6        0.0%
BANK1               50      0       0       7        0.0%
BITBANK3            60      0       0       8        0.0%
BANK3               60      0       0       9        0.0%
BITBANK2            60      0       0      10        0.0%
BANK2               60      0       0      11        0.0%
DATA                 0      0       6      12        0.0%


Microchip Technology PIC Macro Assembler V2.10 build 88905656 
Symbol Table                                                                                   Mon Feb 10 11:48:37 2020

            __CFG_CP$OFF 0000                       l17 0029                       l18 0029  
           __CFG_CPD$OFF 0000                      _isr 0017             __CFG_LVP$OFF 0000  
                   ?_isr 0074                     i1l12 0022                     _eADC 0072  
                   u1_20 001D                     u1_21 001C             __CFG_WRT$OFF 0000  
                   _main 0029                     btemp 007E            __CFG_BOREN$ON 0000  
                   start 000C            __CFG_IESO$OFF 0000            __CFG_MCLRE$ON 0000  
                  ??_isr 0074                    ?_main 0074            __CFG_WDTE$OFF 0000  
                  i1l630 0017                    i1l632 001D                    i1l634 0021  
                  _PORTB 0006                    _TRISB 0086           __CFG_FCMEN$OFF 0000  
                  _value 0070                    pclath 000A                    status 0003  
                  wtemp0 007E          __initialization 000F             __end_of_main 002D  
                 ??_main 0076           __CFG_PWRTE$OFF 0000                   saved_w 007E  
__end_of__initialization 0013           __pcstackCOMMON 0074               __pmaintext 0029  
             __pintentry 0004                  __ptext1 0017             __size_of_isr 0012  
   end_of_initialization 0013                _PORTDbits 0008                _TRISDbits 0088  
    start_initialization 000F              __end_of_isr 0029              __pbssCOMMON 0070  
              ___latbits 0002   __CFG_FOSC$INTRC_CLKOUT 0000        interrupt_function 0004  
               _PIR1bits 000C               _ADCON0bits 001F        __CFG_BOR4V$BOR40V 0000  
          __size_of_main 0004                 intlevel1 0000  
